<?xml version="1.0" encoding="UTF-8"?>
<!-- Generated by org.testng.reporters.JUnitReportReporter -->
<testsuite hostname="Administrators-MacBook-Pro.local" failures="0" tests="1" name="com.qapitol.sample.apitest.ApiTest" time="3.969" errors="0" timestamp="2024-06-21T20:52:53 IST" skipped="0">
  <testcase classname="com.qapitol.sample.apitest.ApiTest" name="askForJokeTest" time="3.969"/>
  <system-out/>
</testsuite> <!-- com.qapitol.sample.apitest.ApiTest -->
